WARN  2018-03-11 11:13:03 unity.iconloader IconLoader.cpp:756 Unable to load icon file:/// at size -1x22: Can't open directory
ExceptionHandler::GenerateDump cloned child 2768
ExceptionHandler::SendContinueSignalToChild sent continue signal to child
ExceptionHandler::WaitForContinueSignal waiting for continue signal...
[Parent 2660, Gecko_IOThread] WARNING: pipe error (64): Connection reset by peer: file /build/firefox-9j9NY8/firefox-58.0.2+build1/ipc/chromium/src/chrome/common/ipc_channel_posix.cc, line 353
[Parent 2660, Gecko_IOThread] WARNING: pipe error (62): Connection reset by peer: file /build/firefox-9j9NY8/firefox-58.0.2+build1/ipc/chromium/src/chrome/common/ipc_channel_posix.cc, line 353
ATTENTION: default value of option force_s3tc_enable overridden by environment.
ATTENTION: default value of option force_s3tc_enable overridden by environment.
[Child 3644, MediaPlayback #16] WARNING: Decoder=7f5a06ee7e00 Decode error: NS_ERROR_DOM_MEDIA_FATAL_ERR (0x806e0005) - RefPtr<mozilla::MozPromise<RefPtr<mozilla::MediaTrackDemuxer::SamplesHolder>, mozilla::MediaResult, true> > mozilla::MediaSourceTrackDemuxer::DoGetSamples(int32_t): manager is detached.: file /build/firefox-9j9NY8/firefox-58.0.2+build1/dom/media/MediaDecoderStateMachine.cpp, line 3365
[Child 3644, MediaPlayback #16] WARNING: Decoder=7f5a06ee7e00 Decode error: NS_ERROR_DOM_MEDIA_FATAL_ERR (0x806e0005) - RefPtr<mozilla::MozPromise<RefPtr<mozilla::MediaTrackDemuxer::SamplesHolder>, mozilla::MediaResult, true> > mozilla::MediaSourceTrackDemuxer::DoGetSamples(int32_t): manager is detached.: file /build/firefox-9j9NY8/firefox-58.0.2+build1/dom/media/MediaDecoderStateMachine.cpp, line 3365
[Child 3644, MediaPlayback #16] WARNING: Decoder=7f5a06ee7e00 Decode error: NS_ERROR_DOM_MEDIA_FATAL_ERR (0x806e0005) - RefPtr<mozilla::MozPromise<RefPtr<mozilla::MediaTrackDemuxer::SamplesHolder>, mozilla::MediaResult, true> > mozilla::MediaSourceTrackDemuxer::DoGetSamples(int32_t): manager is detached.: file /build/firefox-9j9NY8/firefox-58.0.2+build1/dom/media/MediaDecoderStateMachine.cpp, line 3365
[Child 3644, MediaPlayback #16] WARNING: Decoder=7f5a06ee7e00 Decode error: NS_ERROR_DOM_MEDIA_FATAL_ERR (0x806e0005) - RefPtr<mozilla::MozPromise<RefPtr<mozilla::MediaTrackDemuxer::SamplesHolder>, mozilla::MediaResult, true> > mozilla::MediaSourceTrackDemuxer::DoGetSamples(int32_t): manager is detached.: file /build/firefox-9j9NY8/firefox-58.0.2+build1/dom/media/MediaDecoderStateMachine.cpp, line 3365
[Child 3644, MediaPlayback #14] WARNING: Decoder=7f5a06ee7e00 Decode error: NS_ERROR_DOM_MEDIA_FATAL_ERR (0x806e0005) - RefPtr<mozilla::MozPromise<RefPtr<mozilla::MediaTrackDemuxer::SamplesHolder>, mozilla::MediaResult, true> > mozilla::MediaSourceTrackDemuxer::DoGetSamples(int32_t): manager is detached.: file /build/firefox-9j9NY8/firefox-58.0.2+build1/dom/media/MediaDecoderStateMachine.cpp, line 3365
[Child 3644, MediaPlayback #15] WARNING: Decoder=7f5a06ee7e00 Decode error: NS_ERROR_DOM_MEDIA_FATAL_ERR (0x806e0005) - RefPtr<mozilla::MozPromise<RefPtr<mozilla::MediaTrackDemuxer::SamplesHolder>, mozilla::MediaResult, true> > mozilla::MediaSourceTrackDemuxer::DoGetSamples(int32_t): manager is detached.: file /build/firefox-9j9NY8/firefox-58.0.2+build1/dom/media/MediaDecoderStateMachine.cpp, line 3365
[Child 3644, MediaPlayback #13] WARNING: Decoder=7f5a06ee7e00 Decode error: NS_ERROR_DOM_MEDIA_FATAL_ERR (0x806e0005) - RefPtr<mozilla::MozPromise<RefPtr<mozilla::MediaTrackDemuxer::SamplesHolder>, mozilla::MediaResult, true> > mozilla::MediaSourceTrackDemuxer::DoGetSamples(int32_t): manager is detached.: file /build/firefox-9j9NY8/firefox-58.0.2+build1/dom/media/MediaDecoderStateMachine.cpp, line 3365
[Child 3644, MediaPlayback #14] WARNING: Decoder=7f5a06ee7e00 Decode error: NS_ERROR_DOM_MEDIA_FATAL_ERR (0x806e0005) - RefPtr<mozilla::MozPromise<RefPtr<mozilla::MediaTrackDemuxer::SamplesHolder>, mozilla::MediaResult, true> > mozilla::MediaSourceTrackDemuxer::DoGetSamples(int32_t): manager is detached.: file /build/firefox-9j9NY8/firefox-58.0.2+build1/dom/media/MediaDecoderStateMachine.cpp, line 3365
[Child 3644, MediaPlayback #13] WARNING: Decoder=7f5a06ee7e00 Decode error: NS_ERROR_DOM_MEDIA_FATAL_ERR (0x806e0005) - RefPtr<mozilla::MozPromise<RefPtr<mozilla::MediaTrackDemuxer::SamplesHolder>, mozilla::MediaResult, true> > mozilla::MediaSourceTrackDemuxer::DoGetSamples(int32_t): manager is detached.: file /build/firefox-9j9NY8/firefox-58.0.2+build1/dom/media/MediaDecoderStateMachine.cpp, line 3365
[Child 3644, MediaPlayback #14] WARNING: Decoder=7f5a06ee7e00 Decode error: NS_ERROR_DOM_MEDIA_FATAL_ERR (0x806e0005) - RefPtr<mozilla::MozPromise<RefPtr<mozilla::MediaTrackDemuxer::SamplesHolder>, mozilla::MediaResult, true> > mozilla::MediaSourceTrackDemuxer::DoGetSamples(int32_t): manager is detached.: file /build/firefox-9j9NY8/firefox-58.0.2+build1/dom/media/MediaDecoderStateMachine.cpp, line 3365
[Child 3644, MediaPlayback #15] WARNING: Decoder=7f5a06ee7e00 Decode error: NS_ERROR_DOM_MEDIA_FATAL_ERR (0x806e0005) - RefPtr<mozilla::MozPromise<RefPtr<mozilla::MediaTrackDemuxer::SamplesHolder>, mozilla::MediaResult, true> > mozilla::MediaSourceTrackDemuxer::DoGetSamples(int32_t): manager is detached.: file /build/firefox-9j9NY8/firefox-58.0.2+build1/dom/media/MediaDecoderStateMachine.cpp, line 3365
[Child 3644, MediaPlayback #13] WARNING: Decoder=7f5a06ee7e00 Decode error: NS_ERROR_DOM_MEDIA_FATAL_ERR (0x806e0005) - RefPtr<mozilla::MozPromise<RefPtr<mozilla::MediaTrackDemuxer::SamplesHolder>, mozilla::MediaResult, true> > mozilla::MediaSourceTrackDemuxer::DoGetSamples(int32_t): manager is detached.: file /build/firefox-9j9NY8/firefox-58.0.2+build1/dom/media/MediaDecoderStateMachine.cpp, line 3365
[Child 3644, MediaPlayback #16] WARNING: Decoder=7f5a06ee7e00 Decode error: NS_ERROR_DOM_MEDIA_FATAL_ERR (0x806e0005) - RefPtr<mozilla::MozPromise<RefPtr<mozilla::MediaTrackDemuxer::SamplesHolder>, mozilla::MediaResult, true> > mozilla::MediaSourceTrackDemuxer::DoGetSamples(int32_t): manager is detached.: file /build/firefox-9j9NY8/firefox-58.0.2+build1/dom/media/MediaDecoderStateMachine.cpp, line 3365
[Child 3644, MediaPlayback #15] WARNING: Decoder=7f5a06ee7e00 Decode error: NS_ERROR_DOM_MEDIA_FATAL_ERR (0x806e0005) - RefPtr<mozilla::MozPromise<RefPtr<mozilla::MediaTrackDemuxer::SamplesHolder>, mozilla::MediaResult, true> > mozilla::MediaSourceTrackDemuxer::DoGetSamples(int32_t): manager is detached.: file /build/firefox-9j9NY8/firefox-58.0.2+build1/dom/media/MediaDecoderStateMachine.cpp, line 3365
[Child 3644, MediaPlayback #14] WARNING: Decoder=7f5a06ee7e00 Decode error: NS_ERROR_DOM_MEDIA_FATAL_ERR (0x806e0005) - RefPtr<mozilla::MozPromise<RefPtr<mozilla::MediaTrackDemuxer::SamplesHolder>, mozilla::MediaResult, true> > mozilla::MediaSourceTrackDemuxer::DoGetSamples(int32_t): manager is detached.: file /build/firefox-9j9NY8/firefox-58.0.2+build1/dom/media/MediaDecoderStateMachine.cpp, line 3365
[Child 3644, MediaPlayback #13] WARNING: Decoder=7f5a06ee7e00 Decode error: NS_ERROR_DOM_MEDIA_FATAL_ERR (0x806e0005) - RefPtr<mozilla::MozPromise<RefPtr<mozilla::MediaTrackDemuxer::SamplesHolder>, mozilla::MediaResult, true> > mozilla::MediaSourceTrackDemuxer::DoGetSamples(int32_t): manager is detached.: file /build/firefox-9j9NY8/firefox-58.0.2+build1/dom/media/MediaDecoderStateMachine.cpp, line 3365
[Child 3644, MediaPlayback #16] WARNING: Decoder=7f5a06ee7e00 Decode error: NS_ERROR_DOM_MEDIA_FATAL_ERR (0x806e0005) - RefPtr<mozilla::MozPromise<RefPtr<mozilla::MediaTrackDemuxer::SamplesHolder>, mozilla::MediaResult, true> > mozilla::MediaSourceTrackDemuxer::DoGetSamples(int32_t): manager is detached.: file /build/firefox-9j9NY8/firefox-58.0.2+build1/dom/media/MediaDecoderStateMachine.cpp, line 3365
[Child 3644, MediaPlayback #14] WARNING: Decoder=7f5a06ee7e00 Decode error: NS_ERROR_DOM_MEDIA_FATAL_ERR (0x806e0005) - RefPtr<mozilla::MozPromise<RefPtr<mozilla::MediaTrackDemuxer::SamplesHolder>, mozilla::MediaResult, true> > mozilla::MediaSourceTrackDemuxer::DoGetSamples(int32_t): manager is detached.: file /build/firefox-9j9NY8/firefox-58.0.2+build1/dom/media/MediaDecoderStateMachine.cpp, line 3365
ERROR 2018-03-11 12:58:24 nux.gestures_subscription GesturesSubscription.cpp:93 Failed to deactivate Geis subscription.
ERROR 2018-03-11 12:58:24 nux.gestures_subscription GesturesSubscription.cpp:93 Failed to deactivate Geis subscription.
ERROR 2018-03-11 12:58:24 nux.gestures_subscription GesturesSubscription.cpp:93 Failed to deactivate Geis subscription.
WARN  2018-03-11 13:17:00 unity.glib.dbus.proxy GLibDBusProxy.cpp:487 Calling method "SyncOne" on object path: "/com/canonical/Unity/Panel/Service" failed: GDBus.Error:org.freedesktop.DBus.Error.ServiceUnknown: The name com.canonical.Unity.Panel.Service.LockScreen was not provided by any .service files

(nautilus:6003): GLib-GIO-CRITICAL **: g_dbus_interface_skeleton_unexport: assertion 'interface_->priv->connections != NULL' failed

(nautilus:6003): GLib-GIO-CRITICAL **: g_dbus_interface_skeleton_unexport: assertion 'interface_->priv->connections != NULL' failed

(nautilus:6003): Gtk-CRITICAL **: gtk_icon_theme_get_for_screen: assertion 'GDK_IS_SCREEN (screen)' failed

(nautilus:6003): GLib-GObject-WARNING **: invalid (NULL) pointer instance

(nautilus:6003): GLib-GObject-CRITICAL **: g_signal_connect_object: assertion 'G_TYPE_CHECK_INSTANCE (instance)' failed
